Log file open, 07/19/17 14:26:36
LogInit:Display: Running engine for game: GameJamJuly
LogPlatformFile: Not using cached read wrapper
LogInit:Display: RandInit(1259575112) SRandInit(1259575112).
LogTaskGraph: Started task graph with 5 named threads and 8 total threads with 1 sets of task threads.
LogStats: Stats thread started at 0.071398
LogInit: Using libcurl 7.47.1
LogInit:  - built for x86_64-pc-win32
LogInit:  - supports SSL with OpenSSL/1.0.2g
LogInit:  - supports HTTP deflate (compression) using libz 1.2.8
LogInit:  - other features:
LogInit:      CURL_VERSION_SSL
LogInit:      CURL_VERSION_LIBZ
LogInit:      CURL_VERSION_IPV6
LogInit:      CURL_VERSION_ASYNCHDNS
LogInit:      CURL_VERSION_LARGEFILE
LogInit:      CURL_VERSION_IDN
LogInit:  CurlRequestOptions (configurable via config and command line):
LogInit:  - bVerifyPeer = false  - Libcurl will NOT verify peer certificate
LogInit:  - bUseHttpProxy = false  - Libcurl will NOT use HTTP proxy
LogInit:  - bDontReuseConnections = false  - Libcurl will reuse connections
LogInit:  - CertBundlePath = nullptr  - Libcurl will use whatever was configured at build time.
LogInit: Build: ++UE4+Release-4.15-CL-3450819
LogInit: Engine Version: 4.15.3-3450819+++UE4+Release-4.15
LogInit: Compatible Engine Version: 4.15.0-3299760+++UE4+Release-4.15
LogInit: Net CL: 3299760
LogDevObjectVersion: Number of dev versions registered: 14
LogDevObjectVersion:   Dev-Blueprints (B0D832E4-1F89-4F0D-ACCF-7EB736FD4AA2): 8
LogDevObjectVersion:   Dev-Build (E1C64328-A22C-4D53-A36C-8E866417BD8C): 0
LogDevObjectVersion:   Dev-Core (375EC13C-06E4-48FB-B500-84F0262A717E): 2
LogDevObjectVersion:   Dev-Editor (E4B068ED-F494-42E9-A231-DA0B2E46BB41): 14
LogDevObjectVersion:   Dev-Framework (CFFC743F-43B0-4480-9391-14DF171D2073): 22
LogDevObjectVersion:   Dev-Mobile (B02B49B5-BB20-44E9-A304-32B752E40360): 0
LogDevObjectVersion:   Dev-Networking (A4E4105C-59A1-49B5-A7C5-40C4547EDFEE): 0
LogDevObjectVersion:   Dev-Online (39C831C9-5AE6-47DC-9A44-9C173E1C8E7C): 0
LogDevObjectVersion:   Dev-Physics (78F01B33-EBEA-4F98-B9B4-84EACCB95AA2): 0
LogDevObjectVersion:   Dev-Platform (6631380F-2D4D-43E0-8009-CF276956A95A): 0
LogDevObjectVersion:   Dev-Rendering (12F88B9F-8875-4AFC-A67C-D90C383ABD29): 12
LogDevObjectVersion:   Dev-Sequencer (7B5AE74C-D270-4C10-A958-57980B212A5A): 3
LogDevObjectVersion:   Dev-VR (D7296918-1DD6-4BDD-9DE2-64A83CC13884): 0
LogDevObjectVersion:   Dev-LoadTimes (C2A15278-BFE7-4AFE-6C17-90FF531DF755): 1
LogInit: Compiled (64-bit): May 21 2017 11:02:34
LogInit: Compiled with Visual C++: 19.00.23026.00
LogInit: Build Configuration: Development
LogInit: Branch Name: ++UE4+Release-4.15
LogInit: Command line: -EpicPortal 
LogInit: Base directory: C:/Program Files/Epic Games/UE_4.15/Engine/Binaries/Win64/
LogInit: Installed Engine Build: 1
LogInit: Presizing for max 8388607 objects, including 0 objects not considered by GC, pre-allocating 0 bytes for permanent pool.
LogInit: Object subsystem initialized
[2017.07.19-04.26.37:564][  0]LogConsoleManager:Display: Setting the console variable 'r.RHICmdBypass' with 'SetByProjectSetting' was ignored as it is lower priority than the previous 'SetBySystemSettingsIni'. Value remains '1'
[2017.07.19-04.26.37:570][  0]LogInit: Selected Device Profile: [Windows]
[2017.07.19-04.26.37:570][  0]LogInit: Applying CVar settings loaded from the selected device profile: [Windows]
[2017.07.19-04.26.37:581][  0]LogInit: Computer: WWP-3B6CB9
[2017.07.19-04.26.37:581][  0]LogInit: User: kristercollin
[2017.07.19-04.26.37:581][  0]LogInit: CPU Page size=65536, Cores=4
[2017.07.19-04.26.37:581][  0]LogInit: High frequency timer resolution =3.515673 MHz
[2017.07.19-04.26.37:581][  0]LogMemory: Memory total: Physical=31.9GB (32GB approx)
[2017.07.19-04.26.37:581][  0]LogMemory: Platform Memory Stats for Windows
[2017.07.19-04.26.37:581][  0]LogMemory: Process Physical Memory: 266.56 MB used, 266.56 MB peak
[2017.07.19-04.26.37:581][  0]LogMemory: Process Virtual Memory: 266.45 MB used, 266.45 MB peak
[2017.07.19-04.26.37:581][  0]LogMemory: Physical Memory: 5985.84 MB used,  26647.00 MB free, 32632.84 MB total
[2017.07.19-04.26.37:581][  0]LogMemory: Virtual Memory: 633.77 MB used,  26647.00 MB free, 8388608.00 MB total
[2017.07.19-04.26.37:659][  0]LogTextLocalizationManager: No specific translations for ('en-US') exist, so ('en') translations will be used.
[2017.07.19-04.26.38:268][  0]LogD3D11RHI: D3D11 adapters:
[2017.07.19-04.26.38:292][  0]LogD3D11RHI:    0. 'NVIDIA GeForce GTX 970' (Feature Level 11_0)
[2017.07.19-04.26.38:292][  0]LogD3D11RHI:       4009/0/16060 MB DedicatedVideo/DedicatedSystem/SharedSystem, Outputs:2, VendorId:0x10de
[2017.07.19-04.26.38:299][  0]LogD3D11RHI:    1. 'Intel(R) HD Graphics 4600' (Feature Level 11_0)
[2017.07.19-04.26.38:299][  0]LogD3D11RHI:       192/0/1632 MB DedicatedVideo/DedicatedSystem/SharedSystem, Outputs:0, VendorId:0x8086
[2017.07.19-04.26.38:299][  0]LogD3D11RHI: Chosen D3D11 Adapter: 0
[2017.07.19-04.26.38:303][  0]LogD3D11RHI: Creating new Direct3DDevice
[2017.07.19-04.26.38:303][  0]LogD3D11RHI:     GPU DeviceId: 0x13c2 (for the marketing name, search the web for "GPU Device Id")
[2017.07.19-04.26.38:303][  0]LogWindows: EnumDisplayDevices:
[2017.07.19-04.26.38:304][  0]LogWindows:    0. 'NVIDIA GeForce GTX 970' (P:0 D:1)
[2017.07.19-04.26.38:304][  0]LogWindows:    1. 'NVIDIA GeForce GTX 970' (P:1 D:1)
[2017.07.19-04.26.38:304][  0]LogWindows:    2. 'NVIDIA GeForce GTX 970' (P:0 D:0)
[2017.07.19-04.26.38:304][  0]LogWindows:    3. 'NVIDIA GeForce GTX 970' (P:0 D:0)
[2017.07.19-04.26.38:305][  0]LogWindows:    4. 'Intel(R) HD Graphics 4600' (P:0 D:0)
[2017.07.19-04.26.38:305][  0]LogWindows:    5. 'Intel(R) HD Graphics 4600' (P:0 D:0)
[2017.07.19-04.26.38:305][  0]LogWindows:    6. 'Intel(R) HD Graphics 4600' (P:0 D:0)
[2017.07.19-04.26.38:305][  0]LogWindows:    7. 'RDPDD Chained DD' (P:0 D:0)
[2017.07.19-04.26.38:305][  0]LogWindows:    8. 'RDP Encoder Mirror Driver' (P:0 D:0)
[2017.07.19-04.26.38:305][  0]LogWindows:    9. 'RDP Reflector Display Driver' (P:0 D:0)
[2017.07.19-04.26.38:306][  0]LogWindows: DebugString: PrimaryIsNotTheChoosenAdapter PrimaryIsNotTheChoosenAdapter PrimaryIsNotTheChoosenAdapter GetVideoDriverDetailsInvalid PrimaryIsNotTheChoosenAdapter GetVideoDriverDetailsInvalid PrimaryIsNotTheChoosenAdapter GetVideoDriverDetailsInvalid PrimaryIsNotTheChoosenAdapter FoundDriverCount:4 
[2017.07.19-04.26.38:306][  0]LogD3D11RHI:     Adapter Name: NVIDIA GeForce GTX 970
[2017.07.19-04.26.38:306][  0]LogD3D11RHI:   Driver Version: 350.12 (internal:9.18.13.5012, unified:350.12)
[2017.07.19-04.26.38:306][  0]LogD3D11RHI:      Driver Date: 4-8-2015
[2017.07.19-04.26.38:306][  0]LogRHI: Texture pool is 1361 MB (70% of 1945 MB)
[2017.07.19-04.26.38:314][  0]LogD3D11RHI: NvAPI_D3D_GetCurrentSLIState failed: 0xfffffff7
[2017.07.19-04.26.38:314][  0]LogD3D11RHI: Async texture creation enabled
[2017.07.19-04.26.38:328][  0]LogD3D11RHI: GPU Timing Frequency: 1000.000000 (Debug: 2 2)
[2017.07.19-04.26.38:331][  0]LogShaderCompilers: Guid format shader working directory is -23 characters bigger than the processId version (../../../../../../Users/krister.collin/Documents/UnrealGameJamJuly/GameJamJuly/Intermediate/Shaders/WorkingDirectory/7016/).
[2017.07.19-04.26.38:331][  0]LogShaderCompilers: Cleaned the shader compiler working directory 'C:/Users/krister.collin/AppData/Local/Temp/UnrealShaderWorkingDir/4F87FC7F44D2B11ACAB16EBA5655D3A6/'.
[2017.07.19-04.26.38:331][  0]LogShaderCompilers:Display: Using Local Shader Compiler.
[2017.07.19-04.26.39:356][  0]LogTemp:Display: Loaded TP AllDesktopTargetPlatform
[2017.07.19-04.26.39:415][  0]LogTemp:Display: Loaded TP MacClientTargetPlatform
[2017.07.19-04.26.39:473][  0]LogTemp:Display: Loaded TP MacNoEditorTargetPlatform
[2017.07.19-04.26.39:531][  0]LogTemp:Display: Loaded TP MacServerTargetPlatform
[2017.07.19-04.26.39:586][  0]LogTemp:Display: Loaded TP MacTargetPlatform
[2017.07.19-04.26.39:644][  0]LogTemp:Display: Loaded TP WindowsClientTargetPlatform
[2017.07.19-04.26.39:703][  0]LogTemp:Display: Loaded TP WindowsNoEditorTargetPlatform
[2017.07.19-04.26.39:760][  0]LogTemp:Display: Loaded TP WindowsServerTargetPlatform
[2017.07.19-04.26.39:809][  0]LogTemp:Display: Loaded TP WindowsTargetPlatform
[2017.07.19-04.26.39:864][  0]LogTemp:Display: Loaded TP AndroidTargetPlatform
[2017.07.19-04.26.39:920][  0]LogTemp:Display: Loaded TP Android_ASTCTargetPlatform
[2017.07.19-04.26.39:976][  0]LogTemp:Display: Loaded TP Android_ATCTargetPlatform
[2017.07.19-04.26.40:032][  0]LogTemp:Display: Loaded TP Android_DXTTargetPlatform
[2017.07.19-04.26.40:089][  0]LogTemp:Display: Loaded TP Android_ETC1TargetPlatform
[2017.07.19-04.26.40:145][  0]LogTemp:Display: Loaded TP Android_ETC2TargetPlatform
[2017.07.19-04.26.40:259][  0]LogTemp:Display: Loaded TP Android_MultiTargetPlatform
[2017.07.19-04.26.40:259][  0]LogTemp:Display: Loaded TP Android_PVRTCTargetPlatform
[2017.07.19-04.26.40:301][  0]LogTemp:Display: Loaded TP HTML5TargetPlatform
[2017.07.19-04.26.40:400][  0]LogTemp:Display: Loaded TP IOSTargetPlatform
[2017.07.19-04.26.40:435][  0]LogTemp:Display: Loaded TP TVOSTargetPlatform
[2017.07.19-04.26.40:492][  0]LogTemp:Display: Loaded TP LinuxClientTargetPlatform
[2017.07.19-04.26.40:549][  0]LogTemp:Display: Loaded TP LinuxNoEditorTargetPlatform
[2017.07.19-04.26.40:608][  0]LogTemp:Display: Loaded TP LinuxServerTargetPlatform
[2017.07.19-04.26.40:665][  0]LogTemp:Display: Loaded TP LinuxTargetPlatform
[2017.07.19-04.26.40:665][  0]LogTargetPlatformManager:Display: Building Assets For Windows
[2017.07.19-04.26.41:093][  0]LogDerivedDataCache:Display: Max Cache Size: 512 MB
[2017.07.19-04.26.41:155][  0]LogDerivedDataCache: Loaded boot cache 0.06s 61MB C:/Users/krister.collin/AppData/Local/UnrealEngine/4.15/DerivedDataCache/Boot.ddc.
[2017.07.19-04.26.41:155][  0]LogDerivedDataCache:Display: Loaded Boot cache: C:/Users/krister.collin/AppData/Local/UnrealEngine/4.15/DerivedDataCache/Boot.ddc
[2017.07.19-04.26.41:155][  0]LogDerivedDataCache: FDerivedDataBackendGraph:  Pak pak cache file ../../../../../../Users/krister.collin/Documents/UnrealGameJamJuly/GameJamJuly/DerivedDataCache/DDC.ddp not found, will not use a pak cache.
[2017.07.19-04.26.41:155][  0]LogDerivedDataCache: Unable to find inner node Pak for hierarchical cache Hierarchy.
[2017.07.19-04.26.41:155][  0]LogDerivedDataCache: FDerivedDataBackendGraph:  CompressedPak pak cache file ../../../../../../Users/krister.collin/Documents/UnrealGameJamJuly/GameJamJuly/DerivedDataCache/Compressed.ddp not found, will not use a pak cache.
[2017.07.19-04.26.41:155][  0]LogDerivedDataCache: Unable to find inner node CompressedPak for hierarchical cache Hierarchy.
[2017.07.19-04.26.41:173][  0]LogDerivedDataCache:Display: Pak cache opened for reading ../../../Engine/DerivedDataCache/Compressed.ddp.
[2017.07.19-04.26.41:185][  0]LogDerivedDataCache: Using Local data cache path C:/Users/krister.collin/AppData/Local/UnrealEngine/Common/DerivedDataCache: Writable
[2017.07.19-04.26.41:194][  0]LogSlate: Using Freetype 2.6.0
[2017.07.19-04.26.41:195][  0]LogSlate: SlateFontCache - WITH_FREETYPE: 1, WITH_HARFBUZZ: 1
[2017.07.19-04.26.41:195][  0]LogSlate: SlateFontCache - WITH_FREETYPE: 1, WITH_HARFBUZZ: 1
[2017.07.19-04.26.41:484][  0]LogInit: Selected Device Profile: [Windows]
[2017.07.19-04.26.41:486][  0]LogContentStreaming: Texture pool size is 0.00 MB
[2017.07.19-04.26.41:697][  0]LogMeshUtilities: Using QuadricMeshReduction for automatic static mesh reduction
[2017.07.19-04.26.41:741][  0]LogSimplygon: Simplygon DLL not present - disabling.
[2017.07.19-04.26.41:786][  0]LogMeshUtilities: Using SimplygonSwarm for distributed automatic mesh merging
[2017.07.19-04.26.41:786][  0]LogMeshUtilities: No automatic skeletal mesh reduction module available
[2017.07.19-04.26.41:786][  0]LogMeshUtilities: No automatic mesh merging module available
[2017.07.19-04.26.42:324][  0]LogNetVersion: GetLocalNetworkVersion: CL: 3299760, ProjectName: gamejamjuly, ProjectVersion: , EngineNetworkVersion: 2, GameNetworkVersion: 0, NetworkChecksum: 3158774630
[2017.07.19-04.26.42:367][  0]LogAssetRegistry: FAssetRegistry took 0.0203 seconds to start up
[2017.07.19-04.26.42:423][  0]LogPackageLocalizationCache: Processed 3 localized package path(s) for 2 prioritized culture(s) in 0.036745 seconds
[2017.07.19-04.26.42:428][  0]LogUObjectArray: 32493 objects as part of root set at end of initial load.
[2017.07.19-04.26.42:428][  0]LogUObjectAllocator: 7077024 out of 0 bytes used by permanent object pool.
[2017.07.19-04.26.42:428][  0]LogUObjectArray: CloseDisregardForGC: 0/0 objects in disregard for GC pool
[2017.07.19-04.26.42:489][  0]LogInit: WinSock: version 1.1 (2.2), MaxSocks=32767, MaxUdp=65467
[2017.07.19-04.26.44:199][  0]LogTcpMessaging: Initializing TcpMessaging bridge
[2017.07.19-04.26.44:236][  0]LogUdpMessaging: Initializing bridge on interface 0.0.0.0:0 to multicast group 230.0.0.1:6666.
[2017.07.19-04.26.44:695][  0]LogMaterial: Uniform references updated for custom material expression Custom.
[2017.07.19-04.26.45:087][  0]SourceControl: Info Source control is disabled
[2017.07.19-04.26.45:121][  0]SourceControl: Info Source control is disabled
[2017.07.19-04.26.45:163][  0]SourceControl: Info Source control is disabled
[2017.07.19-04.26.45:210][  0]SourceControl: Info Source control is disabled
[2017.07.19-04.26.46:411][  0]LogEngine: Initializing Engine...
[2017.07.19-04.26.46:446][  0]LogHMD: SteamVR initialized.  Driver: lighthouse  Display: LHR-68C1FFC3
[2017.07.19-04.26.46:566][  0]LogStats: UGameplayTagsManager::ConstructGameplayTagTree: Construct from data asset -  0.000 s
[2017.07.19-04.26.46:566][  0]LogStats: UGameplayTagsManager::ConstructGameplayTagTree: GameplayTagTreeChangedEvent.Broadcast -  0.000 s
[2017.07.19-04.26.46:689][  0]LogAIModule: Creating AISystem for world Untitled
[2017.07.19-04.26.46:707][  0]LogInit: XAudio2 using 'Speakers (USB Audio Device)' : 2 channels at 44.1 kHz using 16 bits per sample (channel mask 0x3)
[2017.07.19-04.26.46:715][  0]LogInit: FAudioDevice initialized.
[2017.07.19-04.26.46:746][  0]LogDerivedDataCache: Saved boot cache 0.03s 61MB C:/Users/krister.collin/AppData/Local/UnrealEngine/4.15/DerivedDataCache/Boot.ddc.
[2017.07.19-04.26.46:753][  0]LogInit: Texture streaming: Enabled
[2017.07.19-04.26.46:845][  0]LogEngineSessionManager: EngineSessionManager initialized
[2017.07.19-04.26.46:927][  0]LogInit: Transaction tracking system initialized
[2017.07.19-04.26.47:274][  0]BlueprintLog: New page: Editor Load
[2017.07.19-04.26.48:167][  0]LocalizationService: Info Localization service is disabled
[2017.07.19-04.26.48:803][  0]LogConsoleResponse:Display: 
[2017.07.19-04.26.48:914][  0]LogCook:Display: Max memory allowance for cook 16384mb min free memory 0mb
[2017.07.19-04.26.48:914][  0]LogCook:Display: Mobile HDR setting 1
[2017.07.19-04.26.48:934][  0]LogFileCache: Scanning file cache for directory 'C:/Users/krister.collin/Documents/UnrealGameJamJuly/GameJamJuly/Content/' took 0.01s
[2017.07.19-04.26.49:881][  0]SourceControl: Info Source control is disabled
[2017.07.19-04.26.49:881][  0]Cmd: MAP LOAD FILE="../../../../../../Users/krister.collin/Documents/UnrealGameJamJuly/GameJamJuly/Content/VirtualRealityBP/Maps/StartupMap.umap" TEMPLATE=0 SHOWPROGRESS=1 FEATURELEVEL=3
[2017.07.19-04.26.49:882][  0]LightingResults: New page: Lighting Build
[2017.07.19-04.26.49:923][  0]MapCheck: New page: Map Check
[2017.07.19-04.26.49:923][  0]LightingResults: New page: Lighting Build
[2017.07.19-04.26.49:990][  0]LogAIModule: Creating AISystem for world StartupMap
[2017.07.19-04.26.50:011][  0]LogEditorServer: Finished looking for orphan Actors (0.000 secs)
[2017.07.19-04.26.50:012][  0]Cmd: MAP CHECKDEP NOCLEARLOG
[2017.07.19-04.26.50:052][  0]MapCheck: Info Map check complete: 0 Error(s), 0 Warning(s), took 40.492ms to complete.
[2017.07.19-04.26.50:052][  0]LogFileHelpers: Loading map 'StartupMap' took 0.171
[2017.07.19-04.26.50:222][  0]LogCollectionManager: Loaded 0 collections in 0.001175 seconds
[2017.07.19-04.26.50:305][  0]LogFileCache: Scanning file cache for directory 'C:/Users/krister.collin/Documents/UnrealGameJamJuly/GameJamJuly/Saved/Collections/' took 0.01s
[2017.07.19-04.26.50:305][  0]LogFileCache: Scanning file cache for directory 'C:/Users/krister.collin/Documents/UnrealGameJamJuly/GameJamJuly/Content/Developers/kristercollin/Collections/' took 0.01s
[2017.07.19-04.26.50:305][  0]LogFileCache: Scanning file cache for directory 'C:/Users/krister.collin/Documents/UnrealGameJamJuly/GameJamJuly/Content/Collections/' took 0.01s
[2017.07.19-04.26.50:305][  0]LogCollectionManager: Rebuilt the GUID cache for 0 collections in 0.000002 seconds
[2017.07.19-04.26.50:313][  0]LogContentBrowser: Native class hierarchy populated in 0.0081 seconds. Added 2245 classes and 453 folders.
[2017.07.19-04.26.50:378][  0]LogContentBrowser: Native class hierarchy updated for 'WidgetCarousel' in 0.0004 seconds. Added 0 classes and 0 folders.
[2017.07.19-04.26.50:409][  0]LogContentBrowser: Native class hierarchy updated for 'AddContentDialog' in 0.0004 seconds. Added 0 classes and 0 folders.
[2017.07.19-04.26.50:452][  0]LogContentBrowser: Native class hierarchy updated for 'SceneOutliner' in 0.0004 seconds. Added 1 classes and 2 folders.
[2017.07.19-04.26.50:496][  0]LogCrashTracker: Crashtracker disabled due to settings.
[2017.07.19-04.26.50:820][  0]LogUObjectGlobals:Warning: Failed to find object 'Class None.'
[2017.07.19-04.26.50:919][  0]LogContentBrowser: Native class hierarchy updated for 'HierarchicalLODOutliner' in 0.0008 seconds. Added 1 classes and 2 folders.
[2017.07.19-04.26.50:919][  0]LogLoad: (Engine Initialization) Total time: 15.68 seconds
[2017.07.19-04.26.50:919][  0]LogLoad: (Engine Initialization) Total Blueprint compile time: 0.04 seconds
[2017.07.19-04.26.50:919][  0]LogExternalProfiler: Found external profiler: VSPerf
[2017.07.19-04.26.50:919][  0]LogExternalProfiler: Using external profiler: VSPerf
[2017.07.19-04.26.50:929][  0]LogOcInput: OculusInput pre-init called
[2017.07.19-04.26.50:929][  0]LogSteamVRController: Controller role for device 3 is 1 (invalid=0, left=1, right=2).
[2017.07.19-04.26.50:929][  0]LogSteamVRController:Warning: Controller device 3 is being assigned to its prefered role 'left'.
[2017.07.19-04.26.50:929][  0]LogSteamVRController: Controller device 3 is being assigned unreal hand 0 (left=0, right=1).
[2017.07.19-04.26.50:929][  0]LogSteamVRController: Controller role for device 4 is 2 (invalid=0, left=1, right=2).
[2017.07.19-04.26.50:929][  0]LogSteamVRController: Putting controller 4 on the right hand because there is already a controller for the left.
[2017.07.19-04.26.50:929][  0]LogSteamVRController: Controller device 4 is being assigned unreal hand 1 (left=0, right=1).
[2017.07.19-04.26.50:949][  0]LogContentStreaming: Texture pool size now 1000 MB
[2017.07.19-04.26.50:950][  0]LogSlate: Took 0.000342 seconds to synchronously load lazily loaded font '../../../Engine/Content/Slate/Fonts/Roboto-Regular.ttf' (155K)
[2017.07.19-04.26.50:954][  0]LogSlate: Took 0.000358 seconds to synchronously load lazily loaded font '../../../Engine/Content/Slate/Fonts/Roboto-Bold.ttf' (160K)
[2017.07.19-04.26.50:960][  0]LogSlate: Took 0.000375 seconds to synchronously load lazily loaded font '../../../Engine/Content/Editor/Slate/Fonts/FontAwesome.ttf' (139K)
[2017.07.19-04.26.51:240][  0]LogSlate: Took 0.000191 seconds to synchronously load lazily loaded font '../../../Engine/Content/Slate/Fonts/Roboto-Light.ttf' (159K)
[2017.07.19-04.26.51:286][  0]LogRenderer: Reallocating scene render targets to support 1160x716 NumSamples 1 (Frame:2).
[2017.07.19-04.26.51:376][  1]LogAssetRegistry: Asset discovery search completed in 9.0305 seconds
[2017.07.19-04.26.51:376][  1]LogCollectionManager: Rebuilt the object cache for 0 collections in 0.000005 seconds (found 0 objects)
[2017.07.19-04.26.51:377][  1]LogCollectionManager: Fixed up redirectors for 0 collections in 0.000088 seconds (updated 0 objects)
[2017.07.19-04.27.01:054][101]LogPlayLevel: PlayLevel: No blueprints needed recompiling
[2017.07.19-04.27.01:054][101]PIE: New page: PIE session: StartupMap (Jul 20, 2017, 12:27:01 AM)
[2017.07.19-04.27.01:054][101]LogPlayLevel: Creating play world package: /Game/VirtualRealityBP/Maps/UEDPIE_0_StartupMap
[2017.07.19-04.27.01:058][101]LogPlayLevel: PIE: StaticDuplicateObject took: (0.003955s)
[2017.07.19-04.27.01:058][101]LogAIModule: Creating AISystem for world StartupMap
[2017.07.19-04.27.01:059][101]LogPlayLevel: PIE: World Init took: (0.001032s)
[2017.07.19-04.27.01:059][101]LogPlayLevel: PIE: Created PIE world by copying editor world from /Game/VirtualRealityBP/Maps/StartupMap.StartupMap to /Game/VirtualRealityBP/Maps/UEDPIE_0_StartupMap.StartupMap (0.005205s)
[2017.07.19-04.27.01:072][101]LogInit: XAudio2 using 'Speakers (USB Audio Device)' : 2 channels at 44.1 kHz using 16 bits per sample (channel mask 0x3)
[2017.07.19-04.27.01:078][101]LogInit: FAudioDevice initialized.
[2017.07.19-04.27.01:430][101]LogUObjectGlobals:Warning: Failed to find object 'Class None.'
[2017.07.19-04.27.01:430][101]LogLoad: Game class is 'GameModeBase'
[2017.07.19-04.27.01:432][101]LogWorld: Bringing World /Game/VirtualRealityBP/Maps/UEDPIE_0_StartupMap.StartupMap up for play (max tick rate 0) at 2017.07.19-14.27.01
[2017.07.19-04.27.01:433][101]LogWorld: Bringing up level for play took: 0.001464
[2017.07.19-04.27.01:475][101]LogContentBrowser: Native class hierarchy updated for 'MovieSceneCapture' in 0.0006 seconds. Added 11 classes and 0 folders.
[2017.07.19-04.27.01:482][101]PIE: Info Play in editor start time for /Game/VirtualRealityBP/Maps/UEDPIE_0_StartupMap 0.773
[2017.07.19-04.27.01:515][102]LogRenderer: Reallocating scene render targets to support 3024x1680 NumSamples 1 (Frame:791).
[2017.07.19-04.27.40:903][811]LogSlate: Took 0.000168 seconds to synchronously load lazily loaded font '../../../Engine/Content/Slate/Fonts/Roboto-Light.ttf' (159K)
[2017.07.19-04.27.41:420][811]LogAIModule: Creating AISystem for world MotionControllerMap
[2017.07.19-04.27.41:445][811]Cmd: MAP LOAD FILE="../../../../../../Users/krister.collin/Documents/UnrealGameJamJuly/GameJamJuly/Content/VirtualRealityBP/Maps/MotionControllerMap.umap" TEMPLATE=0 SHOWPROGRESS=1 FEATURELEVEL=3
[2017.07.19-04.27.41:445][811]LightingResults: New page: Lighting Build
[2017.07.19-04.27.41:447][811]LoadErrors: New page: Loading map: MotionControllerMap.umap
[2017.07.19-04.27.41:447][811]MapCheck: New page: Map Check
[2017.07.19-04.27.41:447][811]LightingResults: New page: Lighting Build
[2017.07.19-04.27.41:461][811]LogEditorServer: Finished looking for orphan Actors (0.000 secs)
[2017.07.19-04.27.41:479][811]Cmd: MAP CHECKDEP NOCLEARLOG
[2017.07.19-04.27.41:518][811]MapCheck: Info Map check complete: 0 Error(s), 0 Warning(s), took 38.644ms to complete.
[2017.07.19-04.27.41:518][811]LogFileHelpers: Loading map 'MotionControllerMap' took 0.073
[2017.07.19-04.27.44:859][179]LogTemp: Repeting last play command: VR Preview
[2017.07.19-04.27.44:868][179]LogBlueprintUserMessages: Early PlayInEditor Detection: Level '/Game/VirtualRealityBP/Maps/MotionControllerMap.MotionControllerMap:PersistentLevel' has LevelScriptBlueprint '/Game/VirtualRealityBP/Maps/MotionControllerMap.MotionControllerMap:PersistentLevel.MotionControllerMap' with GeneratedClass '/Game/VirtualRealityBP/Maps/MotionControllerMap.MotionControllerMap_C' with ClassGeneratedBy '/Game/VirtualRealityBP/Maps/MotionControllerMap.MotionControllerMap:PersistentLevel.MotionControllerMap'
[2017.07.19-04.27.44:868][179]LogPlayLevel: PlayLevel: No blueprints needed recompiling
[2017.07.19-04.27.44:868][179]PIE: New page: PIE session: MotionControllerMap (Jul 20, 2017, 12:27:44 AM)
[2017.07.19-04.27.44:868][179]LogPlayLevel: Creating play world package: /Game/VirtualRealityBP/Maps/UEDPIE_0_MotionControllerMap
[2017.07.19-04.27.44:875][179]LogPlayLevel: PIE: StaticDuplicateObject took: (0.007082s)
[2017.07.19-04.27.44:876][179]LogAIModule: Creating AISystem for world MotionControllerMap
[2017.07.19-04.27.44:876][179]LogPlayLevel: PIE: World Init took: (0.000674s)
[2017.07.19-04.27.44:876][179]LogPlayLevel: PIE: Created PIE world by copying editor world from /Game/VirtualRealityBP/Maps/MotionControllerMap.MotionControllerMap to /Game/VirtualRealityBP/Maps/UEDPIE_0_MotionControllerMap.MotionControllerMap (0.007950s)
[2017.07.19-04.27.44:891][179]LogInit: XAudio2 using 'Speakers (USB Audio Device)' : 2 channels at 44.1 kHz using 16 bits per sample (channel mask 0x3)
[2017.07.19-04.27.44:896][179]LogInit: FAudioDevice initialized.
[2017.07.19-04.27.45:236][179]LogUObjectGlobals:Warning: Failed to find object 'Class None.'
[2017.07.19-04.27.45:236][179]LogLoad: Game class is 'GameModeBase'
[2017.07.19-04.27.45:239][179]LogWorld: Bringing World /Game/VirtualRealityBP/Maps/UEDPIE_0_MotionControllerMap.MotionControllerMap up for play (max tick rate 0) at 2017.07.19-14.27.45
[2017.07.19-04.27.45:240][179]LogWorld: Bringing up level for play took: 0.002830
[2017.07.19-04.27.45:250][179]PIE: Info Play in editor start time for /Game/VirtualRealityBP/Maps/UEDPIE_0_MotionControllerMap 0.543
[2017.07.19-04.27.45:250][179]LogBlueprintUserMessages: Late PlayInEditor Detection: Level '/Game/VirtualRealityBP/Maps/MotionControllerMap.MotionControllerMap:PersistentLevel' has LevelScriptBlueprint '/Game/VirtualRealityBP/Maps/MotionControllerMap.MotionControllerMap:PersistentLevel.MotionControllerMap' with GeneratedClass '/Game/VirtualRealityBP/Maps/MotionControllerMap.MotionControllerMap_C' with ClassGeneratedBy '/Game/VirtualRealityBP/Maps/MotionControllerMap.MotionControllerMap:PersistentLevel.MotionControllerMap'
[2017.07.19-04.28.24:426][632]LogBlueprintUserMessages: Early EndPlayMap Detection: Level '/Game/VirtualRealityBP/Maps/MotionControllerMap.MotionControllerMap:PersistentLevel' has LevelScriptBlueprint '/Game/VirtualRealityBP/Maps/MotionControllerMap.MotionControllerMap:PersistentLevel.MotionControllerMap' with GeneratedClass '/Game/VirtualRealityBP/Maps/MotionControllerMap.MotionControllerMap_C' with ClassGeneratedBy '/Game/VirtualRealityBP/Maps/MotionControllerMap.MotionControllerMap:PersistentLevel.MotionControllerMap'
[2017.07.19-04.28.24:809][632]LogBlueprintUserMessages: Late EndPlayMap Detection: Level '/Game/VirtualRealityBP/Maps/MotionControllerMap.MotionControllerMap:PersistentLevel' has LevelScriptBlueprint '/Game/VirtualRealityBP/Maps/MotionControllerMap.MotionControllerMap:PersistentLevel.MotionControllerMap' with GeneratedClass '/Game/VirtualRealityBP/Maps/MotionControllerMap.MotionControllerMap_C' with ClassGeneratedBy '/Game/VirtualRealityBP/Maps/MotionControllerMap.MotionControllerMap:PersistentLevel.MotionControllerMap'
[2017.07.19-04.38.22:035][263]LogD3D11RHI:Error: Direct3DDevice->CreateBuffer(&Desc, NULL, UniformBufferResource.GetInitReference()) failed 
 at D:\Build\++UE4+Release-4.15+Compile\Sync\Engine\Source\Runtime\Windows\D3D11RHI\Private\D3D11UniformBuffer.cpp:159 
 with error DXGI_ERROR_DEVICE_REMOVED DXGI_ERROR_DEVICE_REMOVED
[2017.07.19-04.38.22:036][263]LogWindows: Windows GetLastError: The operation completed successfully. (0)
[2017.07.19-04.38.22:390][265]LogCrashTracker: 


[2017.07.19-04.38.22:398][265]LogWindows: Windows GetLastError: The operation completed successfully. (0)
[2017.07.19-04.38.22:398][265]LogCrashTracker: 


[2017.07.19-04.38.22:398][265]LogWindows:Error: === Critical error: ===
[2017.07.19-04.38.22:398][265]LogWindows:Error: 
[2017.07.19-04.38.22:398][265]LogWindows:Error: Fatal error: [File:D:\Build\++UE4+Release-4.15+Compile\Sync\Engine\Source\Runtime\RenderCore\Private\RenderingThread.cpp] [Line: 796] 
[2017.07.19-04.38.22:398][265]LogWindows:Error: Rendering thread exception:
[2017.07.19-04.38.22:398][265]LogWindows:Error: Fatal error: [File:D:\Build\++UE4+Release-4.15+Compile\Sync\Engine\Source\Runtime\Windows\D3D11RHI\Private\D3D11Util.cpp] [Line: 181] 
[2017.07.19-04.38.22:398][265]LogWindows:Error: Unreal Engine is exiting due to D3D device being lost. (Error: 0x887A0005 - 'REMOVED')
[2017.07.19-04.38.22:398][265]LogWindows:Error: 
[2017.07.19-04.38.22:398][265]LogWindows:Error: 
[2017.07.19-04.38.22:398][265]LogWindows:Error: KERNELBASE.dll!0x00000000FD96A06D
[2017.07.19-04.38.22:398][265]LogWindows:Error: UE4Editor-Core.dll!0x00000000CED264EE
[2017.07.19-04.38.22:398][265]LogWindows:Error: UE4Editor-Core.dll!0x00000000CEB4CEEE
[2017.07.19-04.38.22:398][265]LogWindows:Error: UE4Editor-Core.dll!0x00000000CEAD2729
[2017.07.19-04.38.22:398][265]LogWindows:Error: UE4Editor-D3D11RHI.dll!0x00000000BA5E896B
[2017.07.19-04.38.22:398][265]LogWindows:Error: UE4Editor-D3D11RHI.dll!0x00000000BA5EC5A0
[2017.07.19-04.38.22:398][265]LogWindows:Error: UE4Editor-D3D11RHI.dll!0x00000000BA5D4FCE
[2017.07.19-04.38.22:398][265]LogWindows:Error: UE4Editor-SlateRHIRenderer.dll!0x00000000BA3D4D12
[2017.07.19-04.38.22:398][265]LogWindows:Error: UE4Editor-SlateRHIRenderer.dll!0x00000000BA3AE16A
[2017.07.19-04.38.22:398][265]LogWindows:Error: UE4Editor-SlateRHIRenderer.dll!0x00000000BA3A8C92
[2017.07.19-04.38.22:398][265]LogWindows:Error: UE4Editor-SlateRHIRenderer.dll!0x00000000BA3B3587
[2017.07.19-04.38.22:398][265]LogWindows:Error: UE4Editor-SlateRHIRenderer.dll!0x00000000BA3B976F
[2017.07.19-04.38.22:398][265]LogWindows:Error: UE4Editor-SlateRHIRenderer.dll!0x00000000BA3C2098
[2017.07.19-04.38.22:398][265]LogWindows:Error: UE4Editor-Core.dll!0x00000000CE9AD84D
[2017.07.19-04.38.22:398][265]LogWindows:Error: UE4Editor-Core.dll!0x00000000CE9ADC6D
[2017.07.19-04.38.22:398][265]LogWindows:Error: UE4Editor-RenderCore.dll!0x00000000DFFE0397
[2017.07.19-04.38.22:398][265]LogWindows:Error: UE4Editor-RenderCore.dll!0x00000000DFFE1486
[2017.07.19-04.38.22:398][265]LogWindows:Error: UE4Editor-Core.dll!0x00000000CED3A3D8
[2017.07.19-04.38.22:398][265]LogWindows:Error: UE4Editor-Core.dll!0x00000000CED34C79
[2017.07.19-04.38.22:398][265]LogWindows:Error: kernel32.dll!0x0000000077AF59CD
[2017.07.19-04.38.22:398][265]LogWindows:Error: ntdll.dll!0x0000000077C2A561
[2017.07.19-04.38.22:398][265]LogWindows:Error: ntdll.dll!0x0000000077C2A561
[2017.07.19-04.38.22:398][265]LogWindows:Error: 
[2017.07.19-04.38.22:398][265]LogWindows:Error: 
[2017.07.19-04.38.22:398][265]LogWindows:Error: 
[2017.07.19-04.38.22:398][265]LogWindows:Error: 
[2017.07.19-04.38.22:428][265]LogExit: Executing StaticShutdownAfterError
[2017.07.19-04.38.22:430][265]LogWindows: FPlatformMisc::RequestExit(1)
[2017.07.19-04.38.22:430][265]Log file closed, 07/19/17 14:38:22
